<?xml version="1.0" encoding="UTF-8"?>
<!-- Generated by org.testng.reporters.JUnitReportReporter -->
<testsuite skipped="0" hostname="CONGIV-LENOVO55" name="com.actitime.testscript.TestClass" tests="1" failures="0" timestamp="2019-12-27T10:36:05 CET" time="5.457" errors="0">
  <testcase name="testCreateNewTask" time="5.457" classname="com.actitime.testscript.TestClass"/>
</testsuite> <!-- com.actitime.testscript.TestClass -->
